Unity Player [version: Unity 4.5.0f6_fd4616464986]

OculusPlugin.dll caused an Access Violation (0xc0000005)
  in module OculusPlugin.dll at 0033:9de2391d.

Error occurred at 2014-12-30_234704.
C:\Users\Isaac\Documents\GitHub\musical-experiment-vr\src\Test.exe, run by Isaac.
48% memory in use.
8049 MB physical memory [4177 MB free].
9329 MB paging file [4835 MB free].
134217728 MB user address space [134217377 MB free].
Read from location 000000c3 caused an access violation.

Context:
RDI:    0x0057efe0  RSI: 0x039a8b00  RAX:   0x00000003
RBX:    0x08abbad8  RCX: 0x08abbad8  RDX:   0x00000000
RIP:    0x9de2391d  RBP: 0x0057eed0  SegCs: 0x00000033
EFlags: 0x00010206  RSP: 0x0057eda0  SegSs: 0x0000002b
R8:    0x00000000  R9: 0xf7ac2d68  R10:   0xae7a1d70
R11:    0x0057edc0  R12: 0x0057f890  R13:   0x03994d48
R14:    0x0057f7c8  R15: 0x00000000

Bytes at CS:EIP:
83 b8 c0 00 00 00 00 7e 08 b0 01 48 83 c4 20 5b Module 1
C:\WINDOWS\SYSTEM32\xinput1_3.dll
Image Base: 0x00400000  Image Size: 0x0001e000
File Size:  107368      File Time:  2007-04-04_185422
Version:
   Company:    Microsoft Corporation
   Product:    Microsoft® DirectX for Windows®
   FileDesc:   Microsoft Common Controller API
   FileVer:    9.18.944.0
   ProdVer:    9.18.944.0

Module 2
C:\Program Files\NVIDIA Corporation\CoProcManager\detoured.dll
Image Base: 0x0f000000  Image Size: 0x00006000
File Size:  13088       File Time:  2013-12-18_134250
Version:
   Company:    
   Product:    
   FileDesc:   
   FileVer:    0.0.0.0
   ProdVer:    0.0.0.0

Module 3
C:\WINDOWS\SYSTEM32\MSVCP100.dll
Image Base: 0x53a30000  Image Size: 0x00098000
File Size:  608080      File Time:  2011-06-11_081538
Version:
   Company:    Microsoft Corporation
   Product:    Microsoft® Visual Studio® 2010
   FileDesc:   Microsoft® C Runtime Library
   FileVer:    10.0.40219.325
   ProdVer:    10.0.40219.325

Module 4
C:\WINDOWS\SYSTEM32\MSVCR100.dll
Image Base: 0x53ad0000  Image Size: 0x000d2000
File Size:  829264      File Time:  2011-06-11_081538
Version:
   Company:    Microsoft Corporation
   Product:    Microsoft® Visual Studio® 2010
   FileDesc:   Microsoft® C Runtime Library
   FileVer:    10.0.40219.325
   ProdVer:    10.0.40219.325


== [end of error.log] ==
