Unity Player [version: Unity 4.5.0f6_fd4616464986]

OculusPlugin.dll caused an Access Violation (0xc0000005)
  in module OculusPlugin.dll at 0033:a828c39d.

Error occurred at 2014-12-27_142902.
C:\Users\Isaac\Documents\GitHub\musical-experiment-vr\src\Test.exe, run by Isaac.
45% memory in use.
8049 MB physical memory [4424 MB free].
9329 MB paging file [4926 MB free].
134217728 MB user address space [134217395 MB free].
Read from location 00000118 caused an access violation.

Context:
RDI:    0x007bee60  RSI: 0x00000118  RAX:   0x007bec48
RBX:    0x00000000  RCX: 0x00000118  RDX:   0x007bee60
RIP:    0xa828c39d  RBP: 0x007be9f0  SegCs: 0x00000033
EFlags: 0x00010206  RSP: 0x007be8f0  SegSs: 0x0000002b
R8:    0x007bec70  R9: 0x00000004  R10:   0x00000000
R11:    0xa8285cd0  R12: 0x09c52c60  R13:   0x09c52c60
R14:    0x00000000  R15: 0x00000438

Bytes at CS:EIP:
48 8b 09 0f 29 70 e8 4d 8b f0 0f 28 f1 48 85 c9 Module 1
C:\WINDOWS\SYSTEM32\xinput1_3.dll
Image Base: 0x00400000  Image Size: 0x0001e000
File Size:  107368      File Time:  2007-04-04_185422
Version:
   Company:    Microsoft Corporation
   Product:    Microsoft® DirectX for Windows®
   FileDesc:   Microsoft Common Controller API
   FileVer:    9.18.944.0
   ProdVer:    9.18.944.0

Module 2
C:\Program Files\NVIDIA Corporation\CoProcManager\detoured.dll
Image Base: 0x0f000000  Image Size: 0x00006000
File Size:  13088       File Time:  2013-12-18_134250
Version:
   Company:    
   Product:    
   FileDesc:   
   FileVer:    0.0.0.0
   ProdVer:    0.0.0.0

Module 3
C:\WINDOWS\SYSTEM32\MSVCP100.dll
Image Base: 0x53a30000  Image Size: 0x00098000
File Size:  608080      File Time:  2011-06-11_081538
Version:
   Company:    Microsoft Corporation
   Product:    Microsoft® Visual Studio® 2010
   FileDesc:   Microsoft® C Runtime Library
   FileVer:    10.0.40219.325
   ProdVer:    10.0.40219.325

Module 4
C:\WINDOWS\SYSTEM32\MSVCR100.dll
Image Base: 0x53ad0000  Image Size: 0x000d2000
File Size:  829264      File Time:  2011-06-11_081538
Version:
   Company:    Microsoft Corporation
   Product:    Microsoft® Visual Studio® 2010
   FileDesc:   Microsoft® C Runtime Library
   FileVer:    10.0.40219.325
   ProdVer:    10.0.40219.325


== [end of error.log] ==
